<?xml version="1.0" encoding="UTF-8"?>
<testsuite xmlns:xsi="http://www.w3.org/2001/XMLSchema-instance" xsi:noNamespaceSchemaLocation="https://maven.apache.org/surefire/maven-surefire-plugin/xsd/surefire-test-report.xsd" name="com.arcada.bromanem.app.FacebookFriendFinderTest" time="0.028" tests="4" errors="0" skipped="0" failures="2">
  <properties>
    <property name="java.specification.version" value="17"/>
    <property name="sun.jnu.encoding" value="UTF-8"/>
    <property name="java.class.path" value="/Users/emiliabroman/eclipse-workspace/app/target/test-classes:/Users/emiliabroman/eclipse-workspace/app/target/classes:/Users/emiliabroman/.m2/repository/junit/junit/4.11/junit-4.11.jar:/Users/emiliabroman/.m2/repository/org/hamcrest/hamcrest-core/1.3/hamcrest-core-1.3.jar:"/>
    <property name="java.vm.vendor" value="Amazon.com Inc."/>
    <property name="sun.arch.data.model" value="64"/>
    <property name="java.vendor.url" value="https://aws.amazon.com/corretto/"/>
    <property name="os.name" value="Mac OS X"/>
    <property name="java.vm.specification.version" value="17"/>
    <property name="sun.java.launcher" value="SUN_STANDARD"/>
    <property name="user.country" value="FI"/>
    <property name="sun.boot.library.path" value="/Users/emiliabroman/Library/Java/JavaVirtualMachines/corretto-17.0.5/Contents/Home/lib"/>
    <property name="sun.java.command" value="/Users/emiliabroman/eclipse-workspace/app/target/surefire/surefirebooter13418262870233227761.jar /Users/emiliabroman/eclipse-workspace/app/target/surefire 2023-10-18T08-08-35_618-jvmRun1 surefire9573841104259925573tmp surefire_014633022860409205640tmp"/>
    <property name="http.nonProxyHosts" value="local|*.local|169.254/16|*.169.254/16"/>
    <property name="jdk.debug" value="release"/>
    <property name="surefire.test.class.path" value="/Users/emiliabroman/eclipse-workspace/app/target/test-classes:/Users/emiliabroman/eclipse-workspace/app/target/classes:/Users/emiliabroman/.m2/repository/junit/junit/4.11/junit-4.11.jar:/Users/emiliabroman/.m2/repository/org/hamcrest/hamcrest-core/1.3/hamcrest-core-1.3.jar:"/>
    <property name="sun.cpu.endian" value="little"/>
    <property name="user.home" value="/Users/emiliabroman"/>
    <property name="user.language" value="en"/>
    <property name="java.specification.vendor" value="Oracle Corporation"/>
    <property name="java.version.date" value="2022-10-18"/>
    <property name="java.home" value="/Users/emiliabroman/Library/Java/JavaVirtualMachines/corretto-17.0.5/Contents/Home"/>
    <property name="file.separator" value="/"/>
    <property name="style.color" value="always"/>
    <property name="basedir" value="/Users/emiliabroman/eclipse-workspace/app"/>
    <property name="java.vm.compressedOopsMode" value="Zero based"/>
    <property name="line.separator" value="&#10;"/>
    <property name="java.vm.specification.vendor" value="Oracle Corporation"/>
    <property name="java.specification.name" value="Java Platform API Specification"/>
    <property name="surefire.real.class.path" value="/Users/emiliabroman/eclipse-workspace/app/target/surefire/surefirebooter13418262870233227761.jar"/>
    <property name="sun.management.compiler" value="HotSpot 64-Bit Tiered Compilers"/>
    <property name="ftp.nonProxyHosts" value="local|*.local|169.254/16|*.169.254/16"/>
    <property name="java.runtime.version" value="17.0.5+8-LTS"/>
    <property name="user.name" value="emiliabroman"/>
    <property name="path.separator" value=":"/>
    <property name="os.version" value="13.5.2"/>
    <property name="java.runtime.name" value="OpenJDK Runtime Environment"/>
    <property name="file.encoding" value="UTF-8"/>
    <property name="java.vm.name" value="OpenJDK 64-Bit Server VM"/>
    <property name="java.vendor.version" value="Corretto-17.0.5.8.1"/>
    <property name="localRepository" value="/Users/emiliabroman/.m2/repository"/>
    <property name="java.vendor.url.bug" value="https://github.com/corretto/corretto-17/issues/"/>
    <property name="java.io.tmpdir" value="/var/folders/_d/3bp7zfwd3570r51gkdqxwqxr0000gn/T/"/>
    <property name="java.version" value="17.0.5"/>
    <property name="user.dir" value="/Users/emiliabroman/eclipse-workspace/app"/>
    <property name="os.arch" value="x86_64"/>
    <property name="java.vm.specification.name" value="Java Virtual Machine Specification"/>
    <property name="native.encoding" value="UTF-8"/>
    <property name="java.library.path" value="/Users/emiliabroman/Library/Java/Extensions:/Library/Java/Extensions:/Network/Library/Java/Extensions:/System/Library/Java/Extensions:/usr/lib/java:."/>
    <property name="java.vm.info" value="mixed mode, sharing"/>
    <property name="java.vendor" value="Amazon.com Inc."/>
    <property name="java.vm.version" value="17.0.5+8-LTS"/>
    <property name="sun.io.unicode.encoding" value="UnicodeBig"/>
    <property name="socksNonProxyHosts" value="local|*.local|169.254/16|*.169.254/16"/>
    <property name="java.class.version" value="61.0"/>
  </properties>
  <testcase name="testGetFriendNamesFalse" classname="com.arcada.bromanem.app.FacebookFriendFinderTest" time="0.005">
    <failure message="array lengths differed, expected.length=2 actual.length=0" type="java.lang.AssertionError">java.lang.AssertionError: array lengths differed, expected.length=2 actual.length=0
	at com.arcada.bromanem.app.FacebookFriendFinderTest.testGetFriendNamesFalse(FacebookFriendFinderTest.java:80)
</failure>
  </testcase>
  <testcase name="testGetFriendNames" classname="com.arcada.bromanem.app.FacebookFriendFinderTest" time="0"/>
  <testcase name="testGetFriendNames2" classname="com.arcada.bromanem.app.FacebookFriendFinderTest" time="0"/>
  <testcase name="testGetFriendNamesFalse2" classname="com.arcada.bromanem.app.FacebookFriendFinderTest" time="0.001">
    <failure message="array lengths differed, expected.length=2 actual.length=3" type="java.lang.AssertionError">java.lang.AssertionError: array lengths differed, expected.length=2 actual.length=3
	at com.arcada.bromanem.app.FacebookFriendFinderTest.testGetFriendNamesFalse2(FacebookFriendFinderTest.java:104)
</failure>
  </testcase>
</testsuite>